Start testing: Nov 11 08:37 CET
----------------------------------------------------------
1/25 Testing: FieldType enum values
1/25 Test: FieldType enum values
Command: "/Users/hugo/Perso/Projets/varlor/calculations-api/build/test_models" "FieldType enum values"
Directory: /Users/hugo/Perso/Projets/varlor/calculations-api/build
"FieldType enum values" start time: Nov 11 08:37 CET
Output:
----------------------------------------------------------
Filters: "FieldType enum values"
Randomness seeded to: 3744572520
===============================================================================
All tests passed (8 assertions in 1 test case)

<end of output>
Test time =   0.01 sec
----------------------------------------------------------
Test Passed.
"FieldType enum values" end time: Nov 11 08:37 CET
"FieldType enum values" time elapsed: 00:00:00
----------------------------------------------------------

2/25 Testing: DataPoint construction
2/25 Test: DataPoint construction
Command: "/Users/hugo/Perso/Projets/varlor/calculations-api/build/test_models" "DataPoint construction"
Directory: /Users/hugo/Perso/Projets/varlor/calculations-api/build
"DataPoint construction" start time: Nov 11 08:37 CET
Output:
----------------------------------------------------------
Filters: "DataPoint construction"
Randomness seeded to: 3720771679
===============================================================================
All tests passed (6 assertions in 1 test case)

<end of output>
Test time =   0.01 sec
----------------------------------------------------------
Test Passed.
"DataPoint construction" end time: Nov 11 08:37 CET
"DataPoint construction" time elapsed: 00:00:00
----------------------------------------------------------

3/25 Testing: DataPoint field operations
3/25 Test: DataPoint field operations
Command: "/Users/hugo/Perso/Projets/varlor/calculations-api/build/test_models" "DataPoint field operations"
Directory: /Users/hugo/Perso/Projets/varlor/calculations-api/build
"DataPoint field operations" start time: Nov 11 08:37 CET
Output:
----------------------------------------------------------
Filters: "DataPoint field operations"
Randomness seeded to: 2272312108
===============================================================================
All tests passed (25 assertions in 1 test case)

<end of output>
Test time =   0.01 sec
----------------------------------------------------------
Test Passed.
"DataPoint field operations" end time: Nov 11 08:37 CET
"DataPoint field operations" time elapsed: 00:00:00
----------------------------------------------------------

4/25 Testing: DataPoint with multiple field types
4/25 Test: DataPoint with multiple field types
Command: "/Users/hugo/Perso/Projets/varlor/calculations-api/build/test_models" "DataPoint with multiple field types"
Directory: /Users/hugo/Perso/Projets/varlor/calculations-api/build
"DataPoint with multiple field types" start time: Nov 11 08:37 CET
Output:
----------------------------------------------------------
Filters: "DataPoint with multiple field types"
Randomness seeded to: 2652080680
===============================================================================
All tests passed (5 assertions in 1 test case)

<end of output>
Test time =   0.01 sec
----------------------------------------------------------
Test Passed.
"DataPoint with multiple field types" end time: Nov 11 08:37 CET
"DataPoint with multiple field types" time elapsed: 00:00:00
----------------------------------------------------------

5/25 Testing: DataPoint field access
5/25 Test: DataPoint field access
Command: "/Users/hugo/Perso/Projets/varlor/calculations-api/build/test_models" "DataPoint field access"
Directory: /Users/hugo/Perso/Projets/varlor/calculations-api/build
"DataPoint field access" start time: Nov 11 08:37 CET
Output:
----------------------------------------------------------
Filters: "DataPoint field access"
Randomness seeded to: 1039654630
===============================================================================
All tests passed (6 assertions in 1 test case)

<end of output>
Test time =   0.01 sec
----------------------------------------------------------
Test Passed.
"DataPoint field access" end time: Nov 11 08:37 CET
"DataPoint field access" time elapsed: 00:00:00
----------------------------------------------------------

6/25 Testing: DataPoint move semantics
6/25 Test: DataPoint move semantics
Command: "/Users/hugo/Perso/Projets/varlor/calculations-api/build/test_models" "DataPoint move semantics"
Directory: /Users/hugo/Perso/Projets/varlor/calculations-api/build
"DataPoint move semantics" start time: Nov 11 08:37 CET
Output:
----------------------------------------------------------
Filters: "DataPoint move semantics"
Randomness seeded to: 111651006
===============================================================================
All tests passed (2 assertions in 1 test case)

<end of output>
Test time =   0.01 sec
----------------------------------------------------------
Test Passed.
"DataPoint move semantics" end time: Nov 11 08:37 CET
"DataPoint move semantics" time elapsed: 00:00:00
----------------------------------------------------------

7/25 Testing: Dataset construction
7/25 Test: Dataset construction
Command: "/Users/hugo/Perso/Projets/varlor/calculations-api/build/test_models" "Dataset construction"
Directory: /Users/hugo/Perso/Projets/varlor/calculations-api/build
"Dataset construction" start time: Nov 11 08:37 CET
Output:
----------------------------------------------------------
Filters: "Dataset construction"
Randomness seeded to: 1387826668
===============================================================================
All tests passed (8 assertions in 1 test case)

<end of output>
Test time =   0.01 sec
----------------------------------------------------------
Test Passed.
"Dataset construction" end time: Nov 11 08:37 CET
"Dataset construction" time elapsed: 00:00:00
----------------------------------------------------------

8/25 Testing: Dataset column management
8/25 Test: Dataset column management
Command: "/Users/hugo/Perso/Projets/varlor/calculations-api/build/test_models" "Dataset column management"
Directory: /Users/hugo/Perso/Projets/varlor/calculations-api/build
"Dataset column management" start time: Nov 11 08:37 CET
Output:
----------------------------------------------------------
Filters: "Dataset column management"
Randomness seeded to: 2301569710
===============================================================================
All tests passed (10 assertions in 1 test case)

<end of output>
Test time =   0.01 sec
----------------------------------------------------------
Test Passed.
"Dataset column management" end time: Nov 11 08:37 CET
"Dataset column management" time elapsed: 00:00:00
----------------------------------------------------------

9/25 Testing: Dataset data point management
9/25 Test: Dataset data point management
Command: "/Users/hugo/Perso/Projets/varlor/calculations-api/build/test_models" "Dataset data point management"
Directory: /Users/hugo/Perso/Projets/varlor/calculations-api/build
"Dataset data point management" start time: Nov 11 08:37 CET
Output:
----------------------------------------------------------
Filters: "Dataset data point management"
Randomness seeded to: 2884006715
===============================================================================
All tests passed (14 assertions in 1 test case)

<end of output>
Test time =   0.01 sec
----------------------------------------------------------
Test Passed.
"Dataset data point management" end time: Nov 11 08:37 CET
"Dataset data point management" time elapsed: 00:00:00
----------------------------------------------------------

10/25 Testing: Dataset iteration
10/25 Test: Dataset iteration
Command: "/Users/hugo/Perso/Projets/varlor/calculations-api/build/test_models" "Dataset iteration"
Directory: /Users/hugo/Perso/Projets/varlor/calculations-api/build
"Dataset iteration" start time: Nov 11 08:37 CET
Output:
----------------------------------------------------------
Filters: "Dataset iteration"
Randomness seeded to: 450355451
===============================================================================
All tests passed (8 assertions in 1 test case)

<end of output>
Test time =   0.01 sec
----------------------------------------------------------
Test Passed.
"Dataset iteration" end time: Nov 11 08:37 CET
"Dataset iteration" time elapsed: 00:00:00
----------------------------------------------------------

11/25 Testing: Dataset clear and access
11/25 Test: Dataset clear and access
Command: "/Users/hugo/Perso/Projets/varlor/calculations-api/build/test_models" "Dataset clear and access"
Directory: /Users/hugo/Perso/Projets/varlor/calculations-api/build
"Dataset clear and access" start time: Nov 11 08:37 CET
Output:
----------------------------------------------------------
Filters: "Dataset clear and access"
Randomness seeded to: 15126745
===============================================================================
All tests passed (9 assertions in 1 test case)

<end of output>
Test time =   0.01 sec
----------------------------------------------------------
Test Passed.
"Dataset clear and access" end time: Nov 11 08:37 CET
"Dataset clear and access" time elapsed: 00:00:00
----------------------------------------------------------

12/25 Testing: Dataset complex scenario
12/25 Test: Dataset complex scenario
Command: "/Users/hugo/Perso/Projets/varlor/calculations-api/build/test_models" "Dataset complex scenario"
Directory: /Users/hugo/Perso/Projets/varlor/calculations-api/build
"Dataset complex scenario" start time: Nov 11 08:37 CET
Output:
----------------------------------------------------------
Filters: "Dataset complex scenario"
Randomness seeded to: 2139866022
===============================================================================
All tests passed (32 assertions in 1 test case)

<end of output>
Test time =   0.01 sec
----------------------------------------------------------
Test Passed.
"Dataset complex scenario" end time: Nov 11 08:37 CET
"Dataset complex scenario" time elapsed: 00:00:00
----------------------------------------------------------

13/25 Testing: PreprocessingReport construction
13/25 Test: PreprocessingReport construction
Command: "/Users/hugo/Perso/Projets/varlor/calculations-api/build/test_models" "PreprocessingReport construction"
Directory: /Users/hugo/Perso/Projets/varlor/calculations-api/build
"PreprocessingReport construction" start time: Nov 11 08:37 CET
Output:
----------------------------------------------------------
Filters: "PreprocessingReport construction"
Randomness seeded to: 2284983156
===============================================================================
All tests passed (9 assertions in 1 test case)

<end of output>
Test time =   0.01 sec
----------------------------------------------------------
Test Passed.
"PreprocessingReport construction" end time: Nov 11 08:37 CET
"PreprocessingReport construction" time elapsed: 00:00:00
----------------------------------------------------------

14/25 Testing: PreprocessingReport setters and getters
14/25 Test: PreprocessingReport setters and getters
Command: "/Users/hugo/Perso/Projets/varlor/calculations-api/build/test_models" "PreprocessingReport setters and getters"
Directory: /Users/hugo/Perso/Projets/varlor/calculations-api/build
"PreprocessingReport setters and getters" start time: Nov 11 08:37 CET
Output:
----------------------------------------------------------
Filters: "PreprocessingReport setters and getters"
Randomness seeded to: 1523082809
===============================================================================
All tests passed (8 assertions in 1 test case)

<end of output>
Test time =   0.01 sec
----------------------------------------------------------
Test Passed.
"PreprocessingReport setters and getters" end time: Nov 11 08:37 CET
"PreprocessingReport setters and getters" time elapsed: 00:00:00
----------------------------------------------------------

15/25 Testing: PreprocessingReport increment operations
15/25 Test: PreprocessingReport increment operations
Command: "/Users/hugo/Perso/Projets/varlor/calculations-api/build/test_models" "PreprocessingReport increment operations"
Directory: /Users/hugo/Perso/Projets/varlor/calculations-api/build
"PreprocessingReport increment operations" start time: Nov 11 08:37 CET
Output:
----------------------------------------------------------
Filters: "PreprocessingReport increment operations"
Randomness seeded to: 3715465399
===============================================================================
All tests passed (6 assertions in 1 test case)

<end of output>
Test time =   0.01 sec
----------------------------------------------------------
Test Passed.
"PreprocessingReport increment operations" end time: Nov 11 08:37 CET
"PreprocessingReport increment operations" time elapsed: 00:00:00
----------------------------------------------------------

16/25 Testing: PreprocessingReport normalized fields
16/25 Test: PreprocessingReport normalized fields
Command: "/Users/hugo/Perso/Projets/varlor/calculations-api/build/test_models" "PreprocessingReport normalized fields"
Directory: /Users/hugo/Perso/Projets/varlor/calculations-api/build
"PreprocessingReport normalized fields" start time: Nov 11 08:37 CET
Output:
----------------------------------------------------------
Filters: "PreprocessingReport normalized fields"
Randomness seeded to: 854548109
===============================================================================
All tests passed (10 assertions in 1 test case)

<end of output>
Test time =   0.01 sec
----------------------------------------------------------
Test Passed.
"PreprocessingReport normalized fields" end time: Nov 11 08:37 CET
"PreprocessingReport normalized fields" time elapsed: 00:00:00
----------------------------------------------------------

17/25 Testing: PreprocessingReport rows removed calculation
17/25 Test: PreprocessingReport rows removed calculation
Command: "/Users/hugo/Perso/Projets/varlor/calculations-api/build/test_models" "PreprocessingReport rows removed calculation"
Directory: /Users/hugo/Perso/Projets/varlor/calculations-api/build
"PreprocessingReport rows removed calculation" start time: Nov 11 08:37 CET
Output:
----------------------------------------------------------
Filters: "PreprocessingReport rows removed calculation"
Randomness seeded to: 1068051591
===============================================================================
All tests passed (4 assertions in 1 test case)

<end of output>
Test time =   0.01 sec
----------------------------------------------------------
Test Passed.
"PreprocessingReport rows removed calculation" end time: Nov 11 08:37 CET
"PreprocessingReport rows removed calculation" time elapsed: 00:00:00
----------------------------------------------------------

18/25 Testing: PreprocessingReport reset
18/25 Test: PreprocessingReport reset
Command: "/Users/hugo/Perso/Projets/varlor/calculations-api/build/test_models" "PreprocessingReport reset"
Directory: /Users/hugo/Perso/Projets/varlor/calculations-api/build
"PreprocessingReport reset" start time: Nov 11 08:37 CET
Output:
----------------------------------------------------------
Filters: "PreprocessingReport reset"
Randomness seeded to: 1040587052
===============================================================================
All tests passed (8 assertions in 1 test case)

<end of output>
Test time =   0.01 sec
----------------------------------------------------------
Test Passed.
"PreprocessingReport reset" end time: Nov 11 08:37 CET
"PreprocessingReport reset" time elapsed: 00:00:00
----------------------------------------------------------

19/25 Testing: PreprocessingReport complete scenario
19/25 Test: PreprocessingReport complete scenario
Command: "/Users/hugo/Perso/Projets/varlor/calculations-api/build/test_models" "PreprocessingReport complete scenario"
Directory: /Users/hugo/Perso/Projets/varlor/calculations-api/build
"PreprocessingReport complete scenario" start time: Nov 11 08:37 CET
Output:
----------------------------------------------------------
Filters: "PreprocessingReport complete scenario"
Randomness seeded to: 1807453578
===============================================================================
All tests passed (6 assertions in 1 test case)

<end of output>
Test time =   0.01 sec
----------------------------------------------------------
Test Passed.
"PreprocessingReport complete scenario" end time: Nov 11 08:37 CET
"PreprocessingReport complete scenario" time elapsed: 00:00:00
----------------------------------------------------------

20/25 Testing: DataPreprocessor - normalisation des types
20/25 Test: DataPreprocessor - normalisation des types
Command: "/Users/hugo/Perso/Projets/varlor/calculations-api/build/test_core" "DataPreprocessor - normalisation des types"
Directory: /Users/hugo/Perso/Projets/varlor/calculations-api/build
"DataPreprocessor - normalisation des types" start time: Nov 11 08:37 CET
Output:
----------------------------------------------------------
Filters: "DataPreprocessor - normalisation des types"
Randomness seeded to: 1594731448
===============================================================================
All tests passed (11 assertions in 1 test case)

<end of output>
Test time =   0.01 sec
----------------------------------------------------------
Test Passed.
"DataPreprocessor - normalisation des types" end time: Nov 11 08:37 CET
"DataPreprocessor - normalisation des types" time elapsed: 00:00:00
----------------------------------------------------------

21/25 Testing: DataPreprocessor - détection d'outliers
21/25 Test: DataPreprocessor - détection d'outliers
Command: "/Users/hugo/Perso/Projets/varlor/calculations-api/build/test_core" "DataPreprocessor - détection d'outliers"
Directory: /Users/hugo/Perso/Projets/varlor/calculations-api/build
"DataPreprocessor - détection d'outliers" start time: Nov 11 08:37 CET
Output:
----------------------------------------------------------
Filters: "DataPreprocessor - détection d'outliers"
Randomness seeded to: 1244807082
===============================================================================
All tests passed (9 assertions in 1 test case)

<end of output>
Test time =   0.01 sec
----------------------------------------------------------
Test Passed.
"DataPreprocessor - détection d'outliers" end time: Nov 11 08:37 CET
"DataPreprocessor - détection d'outliers" time elapsed: 00:00:00
----------------------------------------------------------

22/25 Testing: DataPreprocessor - imputation des valeurs manquantes
22/25 Test: DataPreprocessor - imputation des valeurs manquantes
Command: "/Users/hugo/Perso/Projets/varlor/calculations-api/build/test_core" "DataPreprocessor - imputation des valeurs manquantes"
Directory: /Users/hugo/Perso/Projets/varlor/calculations-api/build
"DataPreprocessor - imputation des valeurs manquantes" start time: Nov 11 08:37 CET
Output:
----------------------------------------------------------
Filters: "DataPreprocessor - imputation des valeurs manquantes"
Randomness seeded to: 3364002600
===============================================================================
All tests passed (26 assertions in 1 test case)

<end of output>
Test time =   0.01 sec
----------------------------------------------------------
Test Passed.
"DataPreprocessor - imputation des valeurs manquantes" end time: Nov 11 08:37 CET
"DataPreprocessor - imputation des valeurs manquantes" time elapsed: 00:00:00
----------------------------------------------------------

23/25 Testing: DataPreprocessor - rapport et cohérence
23/25 Test: DataPreprocessor - rapport et cohérence
Command: "/Users/hugo/Perso/Projets/varlor/calculations-api/build/test_core" "DataPreprocessor - rapport et cohérence"
Directory: /Users/hugo/Perso/Projets/varlor/calculations-api/build
"DataPreprocessor - rapport et cohérence" start time: Nov 11 08:37 CET
Output:
----------------------------------------------------------
Filters: "DataPreprocessor - rapport et cohérence"
Randomness seeded to: 3724449639
===============================================================================
All tests passed (6 assertions in 1 test case)

<end of output>
Test time =   0.01 sec
----------------------------------------------------------
Test Passed.
"DataPreprocessor - rapport et cohérence" end time: Nov 11 08:37 CET
"DataPreprocessor - rapport et cohérence" time elapsed: 00:00:00
----------------------------------------------------------

24/25 Testing: DataPreprocessor - comportement non destructif
24/25 Test: DataPreprocessor - comportement non destructif
Command: "/Users/hugo/Perso/Projets/varlor/calculations-api/build/test_core" "DataPreprocessor - comportement non destructif"
Directory: /Users/hugo/Perso/Projets/varlor/calculations-api/build
"DataPreprocessor - comportement non destructif" start time: Nov 11 08:37 CET
Output:
----------------------------------------------------------
Filters: "DataPreprocessor - comportement non destructif"
Randomness seeded to: 1571988423
===============================================================================
All tests passed (5 assertions in 1 test case)

<end of output>
Test time =   0.01 sec
----------------------------------------------------------
Test Passed.
"DataPreprocessor - comportement non destructif" end time: Nov 11 08:37 CET
"DataPreprocessor - comportement non destructif" time elapsed: 00:00:00
----------------------------------------------------------

25/25 Testing: DataPreprocessor - cas limites
25/25 Test: DataPreprocessor - cas limites
Command: "/Users/hugo/Perso/Projets/varlor/calculations-api/build/test_core" "DataPreprocessor - cas limites"
Directory: /Users/hugo/Perso/Projets/varlor/calculations-api/build
"DataPreprocessor - cas limites" start time: Nov 11 08:37 CET
Output:
----------------------------------------------------------
Filters: "DataPreprocessor - cas limites"
Randomness seeded to: 3629250209
===============================================================================
All tests passed (11 assertions in 1 test case)

<end of output>
Test time =   0.01 sec
----------------------------------------------------------
Test Passed.
"DataPreprocessor - cas limites" end time: Nov 11 08:37 CET
"DataPreprocessor - cas limites" time elapsed: 00:00:00
----------------------------------------------------------

End testing: Nov 11 08:37 CET
